# JRE version: OpenJDK Runtime Environment Corretto-11.0.18.10.1 (11.0.18+10) (build 11.0.18+10-LTS)
# Java VM: OpenJDK 64-Bit Server VM Corretto-11.0.18.10.1 (11.0.18+10-LTS, mixed mode, tiered, compressed oops, serial gc, linux-amd64)
Heap:
 def new generation   total 35328K, used 0K [0x00000000f0a00000, 0x00000000f3050000, 0x00000000f5c00000)
  eden space 31424K,   0% used [0x00000000f0a00000, 0x00000000f0a00000, 0x00000000f28b0000)
  from space 3904K,   0% used [0x00000000f28b0000, 0x00000000f28b0000, 0x00000000f2c80000)
  to   space 3904K,   0% used [0x00000000f2c80000, 0x00000000f2c80000, 0x00000000f3050000)
 tenured generation   total 88144K, used 85248K [0x00000000f5c00000, 0x00000000fb214000, 0x0000000100000000)
   the space 88144K,  96% used [0x00000000f5c00000, 0x00000000faf40060, 0x00000000faf40200, 0x00000000fb214000)
 Metaspace       used 47239K, capacity 48301K, committed 48640K, reserved 1093632K
  class space    used 4986K, capacity 5316K, committed 5376K, reserved 1048576K
GC Heap History (20 events):
Event: 58.586 GC heap after
{Heap after GC invocations=66 (full 3):
 def new generation   total 22080K, used 969K [0x00000000f0a00000, 0x00000000f21f0000, 0x00000000f5c00000)
  eden space 19648K,   0% used [0x00000000f0a00000, 0x00000000f0a00000, 0x00000000f1d30000)
  from space 2432K,  39% used [0x00000000f1d30000, 0x00000000f1e22488, 0x00000000f1f90000)
  to   space 2432K,   0% used [0x00000000f1f90000, 0x00000000f1f90000, 0x00000000f21f0000)
 tenured generation   total 48892K, used 47602K [0x00000000f5c00000, 0x00000000f8bbf000, 0x0000000100000000)
   the space 48892K,  97% used [0x00000000f5c00000, 0x00000000f8a7cac8, 0x00000000f8a7cc00, 0x00000000f8bbf000)
 Metaspace       used 33643K, capacity 34263K, committed 34688K, reserved 1081344K
  class space    used 3359K, capacity 3595K, committed 3712K, reserved 1048576K
}
Event: 60.103 GC heap before
{Heap before GC invocations=66 (full 3):
 def new generation   total 22080K, used 20617K [0x00000000f0a00000, 0x00000000f21f0000, 0x00000000f5c00000)
  eden space 19648K, 100% used [0x00000000f0a00000, 0x00000000f1d30000, 0x00000000f1d30000)
  from space 2432K,  39% used [0x00000000f1d30000, 0x00000000f1e22488, 0x00000000f1f90000)
  to   space 2432K,   0% used [0x00000000f1f90000, 0x00000000f1f90000, 0x00000000f21f0000)
 tenured generation   total 48892K, used 47602K [0x00000000f5c00000, 0x00000000f8bbf000, 0x0000000100000000)
   the space 48892K,  97% used [0x00000000f5c00000, 0x00000000f8a7cac8, 0x00000000f8a7cc00, 0x00000000f8bbf000)
 Metaspace       used 34021K, capacity 34615K, committed 35200K, reserved 1081344K
  class space    used 3408K, capacity 3627K, committed 3712K, reserved 1048576K
}
Event: 60.107 GC heap after
{Heap after GC invocations=67 (full 3):
 def new generation   total 22080K, used 1942K [0x00000000f0a00000, 0x00000000f21f0000, 0x00000000f5c00000)
  eden space 19648K,   0% used [0x00000000f0a00000, 0x00000000f0a00000, 0x00000000f1d30000)
  from space 2432K,  79% used [0x00000000f1f90000, 0x00000000f2175890, 0x00000000f21f0000)
  to   space 2432K,   0% used [0x00000000f1d30000, 0x00000000f1d30000, 0x00000000f1f90000)
 tenured generation   total 48892K, used 47602K [0x00000000f5c00000, 0x00000000f8bbf000, 0x0000000100000000)
   the space 48892K,  97% used [0x00000000f5c00000, 0x00000000f8a7cac8, 0x00000000f8a7cc00, 0x00000000f8bbf000)
 Metaspace       used 34021K, capacity 34615K, committed 35200K, reserved 1081344K
  class space    used 3408K, capacity 3627K, committed 3712K, reserved 1048576K
}
Event: 62.143 GC heap before
{Heap before GC invocations=67 (full 3):
 def new generation   total 22080K, used 21590K [0x00000000f0a00000, 0x00000000f21f0000, 0x00000000f5c00000)
  eden space 19648K, 100% used [0x00000000f0a00000, 0x00000000f1d30000, 0x00000000f1d30000)
  from space 2432K,  79% used [0x00000000f1f90000, 0x00000000f2175890, 0x00000000f21f0000)
  to   space 2432K,   0% used [0x00000000f1d30000, 0x00000000f1d30000, 0x00000000f1f90000)
 tenured generation   total 48892K, used 47602K [0x00000000f5c00000, 0x00000000f8bbf000, 0x0000000100000000)
   the space 48892K,  97% used [0x00000000f5c00000, 0x00000000f8a7cac8, 0x00000000f8a7cc00, 0x00000000f8bbf000)
 Metaspace       used 34025K, capacity 34619K, committed 35200K, reserved 1081344K
  class space    used 3409K, capacity 3628K, committed 3712K, reserved 1048576K
}
Event: 62.274 GC heap after
{Heap after GC invocations=68 (full 4):
 def new generation   total 35328K, used 0K [0x00000000f0a00000, 0x00000000f3050000, 0x00000000f5c00000)
  eden space 31424K,   0% used [0x00000000f0a00000, 0x00000000f0a00000, 0x00000000f28b0000)
  from space 3904K,   0% used [0x00000000f28b0000, 0x00000000f28b0000, 0x00000000f2c80000)
  to   space 3904K,   0% used [0x00000000f2c80000, 0x00000000f2c80000, 0x00000000f3050000)
 tenured generation   total 78376K, used 47025K [0x00000000f5c00000, 0x00000000fa88a000, 0x0000000100000000)
   the space 78376K,  59% used [0x00000000f5c00000, 0x00000000f89ec4b0, 0x00000000f89ec600, 0x00000000fa88a000)
 Metaspace       used 34025K, capacity 34619K, committed 35200K, reserved 1081344K
  class space    used 3409K, capacity 3628K, committed 3712K, reserved 1048576K
}
Event: 65.301 GC heap before
{Heap before GC invocations=68 (full 4):
 def new generation   total 35328K, used 31424K [0x00000000f0a00000, 0x00000000f3050000, 0x00000000f5c00000)
  eden space 31424K, 100% used [0x00000000f0a00000, 0x00000000f28b0000, 0x00000000f28b0000)
  from space 3904K,   0% used [0x00000000f28b0000, 0x00000000f28b0000, 0x00000000f2c80000)
  to   space 3904K,   0% used [0x00000000f2c80000, 0x00000000f2c80000, 0x00000000f3050000)
 tenured generation   total 78376K, used 47025K [0x00000000f5c00000, 0x00000000fa88a000, 0x0000000100000000)
   the space 78376K,  59% used [0x00000000f5c00000, 0x00000000f89ec4b0, 0x00000000f89ec600, 0x00000000fa88a000)
 Metaspace       used 34048K, capacity 34683K, committed 35200K, reserved 1081344K
  class space    used 3409K, capacity 3628K, committed 3712K, reserved 1048576K
}
Event: 65.309 GC heap after
{Heap after GC invocations=69 (full 4):
 def new generation   total 35328K, used 1001K [0x00000000f0a00000, 0x00000000f3050000, 0x00000000f5c00000)
  eden space 31424K,   0% used [0x00000000f0a00000, 0x00000000f0a00000, 0x00000000f28b0000)
  from space 3904K,  25% used [0x00000000f2c80000, 0x00000000f2d7a620, 0x00000000f3050000)
  to   space 3904K,   0% used [0x00000000f28b0000, 0x00000000f28b0000, 0x00000000f2c80000)
 tenured generation   total 78376K, used 47025K [0x00000000f5c00000, 0x00000000fa88a000, 0x0000000100000000)
   the space 78376K,  59% used [0x00000000f5c00000, 0x00000000f89ec4b0, 0x00000000f89ec600, 0x00000000fa88a000)
 Metaspace       used 34048K, capacity 34683K, committed 35200K, reserved 1081344K
  class space    used 3409K, capacity 3628K, committed 3712K, reserved 1048576K
}
Event: 66.685 GC heap before
{Heap before GC invocations=69 (full 4):
 def new generation   total 35328K, used 32425K [0x00000000f0a00000, 0x00000000f3050000, 0x00000000f5c00000)
  eden space 31424K, 100% used [0x00000000f0a00000, 0x00000000f28b0000, 0x00000000f28b0000)
  from space 3904K,  25% used [0x00000000f2c80000, 0x00000000f2d7a620, 0x00000000f3050000)
  to   space 3904K,   0% used [0x00000000f28b0000, 0x00000000f28b0000, 0x00000000f2c80000)
 tenured generation   total 78376K, used 47025K [0x00000000f5c00000, 0x00000000fa88a000, 0x0000000100000000)
   the space 78376K,  59% used [0x00000000f5c00000, 0x00000000f89ec4b0, 0x00000000f89ec600, 0x00000000fa88a000)
 Metaspace       used 34200K, capacity 34931K, committed 35456K, reserved 1081344K
  class space    used 3424K, capacity 3668K, committed 3712K, reserved 1048576K
}
Event: 66.688 GC heap after
{Heap after GC invocations=70 (full 4):
 def new generation   total 35328K, used 1560K [0x00000000f0a00000, 0x00000000f3050000, 0x00000000f5c00000)
  eden space 31424K,   0% used [0x00000000f0a00000, 0x00000000f0a00000, 0x00000000f28b0000)
  from space 3904K,  39% used [0x00000000f28b0000, 0x00000000f2a361b0, 0x00000000f2c80000)
  to   space 3904K,   0% used [0x00000000f2c80000, 0x00000000f2c80000, 0x00000000f3050000)
 tenured generation   total 78376K, used 47025K [0x00000000f5c00000, 0x00000000fa88a000, 0x0000000100000000)
   the space 78376K,  59% used [0x00000000f5c00000, 0x00000000f89ec4b0, 0x00000000f89ec600, 0x00000000fa88a000)
 Metaspace       used 34200K, capacity 34931K, committed 35456K, reserved 1081344K
  class space    used 3424K, capacity 3668K, committed 3712K, reserved 1048576K
}
Event: 68.662 GC heap before
{Heap before GC invocations=70 (full 4):
 def new generation   total 35328K, used 32984K [0x00000000f0a00000, 0x00000000f3050000, 0x00000000f5c00000)
  eden space 31424K, 100% used [0x00000000f0a00000, 0x00000000f28b0000, 0x00000000f28b0000)
  from space 3904K,  39% used [0x00000000f28b0000, 0x00000000f2a361b0, 0x00000000f2c80000)
  to   space 3904K,   0% used [0x00000000f2c80000, 0x00000000f2c80000, 0x00000000f3050000)
 tenured generation   total 78376K, used 47025K [0x00000000f5c00000, 0x00000000fa88a000, 0x0000000100000000)
   the space 78376K,  59% used [0x00000000f5c00000, 0x00000000f89ec4b0, 0x00000000f89ec600, 0x00000000fa88a000)
 Metaspace       used 36041K, capacity 36756K, committed 37248K, reserved 1083392K
  class space    used 3674K, capacity 3915K, committed 3968K, reserved 1048576K
}
Event: 68.668 GC heap after
{Heap after GC invocations=71 (full 4):
 def new generation   total 35328K, used 2824K [0x00000000f0a00000, 0x00000000f3050000, 0x00000000f5c00000)
  eden space 31424K,   0% used [0x00000000f0a00000, 0x00000000f0a00000, 0x00000000f28b0000)
  from space 3904K,  72% used [0x00000000f2c80000, 0x00000000f2f423b8, 0x00000000f3050000)
  to   space 3904K,   0% used [0x00000000f28b0000, 0x00000000f28b0000, 0x00000000f2c80000)
 tenured generation   total 78376K, used 47025K [0x00000000f5c00000, 0x00000000fa88a000, 0x0000000100000000)
   the space 78376K,  59% used [0x00000000f5c00000, 0x00000000f89ec4b0, 0x00000000f89ec600, 0x00000000fa88a000)
 Metaspace       used 36041K, capacity 36756K, committed 37248K, reserved 1083392K
  class space    used 3674K, capacity 3915K, committed 3968K, reserved 1048576K
}
Event: 70.788 GC heap before
{Heap before GC invocations=71 (full 4):
 def new generation   total 35328K, used 34248K [0x00000000f0a00000, 0x00000000f3050000, 0x00000000f5c00000)
  eden space 31424K, 100% used [0x00000000f0a00000, 0x00000000f28b0000, 0x00000000f28b0000)
  from space 3904K,  72% used [0x00000000f2c80000, 0x00000000f2f423b8, 0x00000000f3050000)
  to   space 3904K,   0% used [0x00000000f28b0000, 0x00000000f28b0000, 0x00000000f2c80000)
 tenured generation   total 78376K, used 47025K [0x00000000f5c00000, 0x00000000fa88a000, 0x0000000100000000)
   the space 78376K,  59% used [0x00000000f5c00000, 0x00000000f89ec4b0, 0x00000000f89ec600, 0x00000000fa88a000)
 Metaspace       used 40639K, capacity 41531K, committed 41984K, reserved 1087488K
  class space    used 4241K, capacity 4511K, committed 4608K, reserved 1048576K
}
Event: 70.800 GC heap after
{Heap after GC invocations=72 (full 4):
 def new generation   total 35328K, used 2500K [0x00000000f0a00000, 0x00000000f3050000, 0x00000000f5c00000)
  eden space 31424K,   0% used [0x00000000f0a00000, 0x00000000f0a00000, 0x00000000f28b0000)
  from space 3904K,  64% used [0x00000000f28b0000, 0x00000000f2b212b8, 0x00000000f2c80000)
  to   space 3904K,   0% used [0x00000000f2c80000, 0x00000000f2c80000, 0x00000000f3050000)
 tenured generation   total 78376K, used 48536K [0x00000000f5c00000, 0x00000000fa88a000, 0x0000000100000000)
   the space 78376K,  61% used [0x00000000f5c00000, 0x00000000f8b66140, 0x00000000f8b66200, 0x00000000fa88a000)
 Metaspace       used 40639K, capacity 41531K, committed 41984K, reserved 1087488K
  class space    used 4241K, capacity 4511K, committed 4608K, reserved 1048576K
}
Event: 71.607 GC heap before
{Heap before GC invocations=72 (full 4):
 def new generation   total 35328K, used 33924K [0x00000000f0a00000, 0x00000000f3050000, 0x00000000f5c00000)
  eden space 31424K, 100% used [0x00000000f0a00000, 0x00000000f28b0000, 0x00000000f28b0000)
  from space 3904K,  64% used [0x00000000f28b0000, 0x00000000f2b212b8, 0x00000000f2c80000)
  to   space 3904K,   0% used [0x00000000f2c80000, 0x00000000f2c80000, 0x00000000f3050000)
 tenured generation   total 78376K, used 48536K [0x00000000f5c00000, 0x00000000fa88a000, 0x0000000100000000)
   the space 78376K,  61% used [0x00000000f5c00000, 0x00000000f8b66140, 0x00000000f8b66200, 0x00000000fa88a000)
 Metaspace       used 43506K, capacity 44427K, committed 44800K, reserved 1089536K
  class space    used 4553K, capacity 4841K, committed 4864K, reserved 1048576K
}
Event: 71.644 GC heap after
{Heap after GC invocations=73 (full 4):
 def new generation   total 35328K, used 3904K [0x00000000f0a00000, 0x00000000f3050000, 0x00000000f5c00000)
  eden space 31424K,   0% used [0x00000000f0a00000, 0x00000000f0a00000, 0x00000000f28b0000)
  from space 3904K, 100% used [0x00000000f2c80000, 0x00000000f3050000, 0x00000000f3050000)
  to   space 3904K,   0% used [0x00000000f28b0000, 0x00000000f28b0000, 0x00000000f2c80000)
 tenured generation   total 78376K, used 57375K [0x00000000f5c00000, 0x00000000fa88a000, 0x0000000100000000)
   the space 78376K,  73% used [0x00000000f5c00000, 0x00000000f9407d50, 0x00000000f9407e00, 0x00000000fa88a000)
 Metaspace       used 43506K, capacity 44427K, committed 44800K, reserved 1089536K
  class space    used 4553K, capacity 4841K, committed 4864K, reserved 1048576K
}
Event: 73.657 GC heap before
{Heap before GC invocations=73 (full 4):
 def new generation   total 35328K, used 35328K [0x00000000f0a00000, 0x00000000f3050000, 0x00000000f5c00000)
  eden space 31424K, 100% used [0x00000000f0a00000, 0x00000000f28b0000, 0x00000000f28b0000)
  from space 3904K, 100% used [0x00000000f2c80000, 0x00000000f3050000, 0x00000000f3050000)
  to   space 3904K,   0% used [0x00000000f28b0000, 0x00000000f28b0000, 0x00000000f2c80000)
 tenured generation   total 78376K, used 57375K [0x00000000f5c00000, 0x00000000fa88a000, 0x0000000100000000)
   the space 78376K,  73% used [0x00000000f5c00000, 0x00000000f9407d50, 0x00000000f9407e00, 0x00000000fa88a000)
 Metaspace       used 44665K, capacity 45611K, committed 45952K, reserved 1089536K
  class space    used 4681K, capacity 4978K, committed 4992K, reserved 1048576K
}
Event: 73.688 GC heap after
{Heap after GC invocations=74 (full 4):
 def new generation   total 35328K, used 3062K [0x00000000f0a00000, 0x00000000f3050000, 0x00000000f5c00000)
  eden space 31424K,   0% used [0x00000000f0a00000, 0x00000000f0a00000, 0x00000000f28b0000)
  from space 3904K,  78% used [0x00000000f28b0000, 0x00000000f2bada08, 0x00000000f2c80000)
  to   space 3904K,   0% used [0x00000000f2c80000, 0x00000000f2c80000, 0x00000000f3050000)
 tenured generation   total 78376K, used 59024K [0x00000000f5c00000, 0x00000000fa88a000, 0x0000000100000000)
   the space 78376K,  75% used [0x00000000f5c00000, 0x00000000f95a4128, 0x00000000f95a4200, 0x00000000fa88a000)
 Metaspace       used 44665K, capacity 45611K, committed 45952K, reserved 1089536K
  class space    used 4681K, capacity 4978K, committed 4992K, reserved 1048576K
}
Event: 75.112 GC heap before
{Heap before GC invocations=74 (full 4):
 def new generation   total 35328K, used 34486K [0x00000000f0a00000, 0x00000000f3050000, 0x00000000f5c00000)
  eden space 31424K, 100% used [0x00000000f0a00000, 0x00000000f28b0000, 0x00000000f28b0000)
  from space 3904K,  78% used [0x00000000f28b0000, 0x00000000f2bada08, 0x00000000f2c80000)
  to   space 3904K,   0% used [0x00000000f2c80000, 0x00000000f2c80000, 0x00000000f3050000)
 tenured generation   total 78376K, used 59024K [0x00000000f5c00000, 0x00000000fa88a000, 0x0000000100000000)
   the space 78376K,  75% used [0x00000000f5c00000, 0x00000000f95a4128, 0x00000000f95a4200, 0x00000000fa88a000)
 Metaspace       used 46089K, capacity 47125K, committed 47360K, reserved 1091584K
  class space    used 4811K, capacity 5116K, committed 5120K, reserved 1048576K
}
Event: 75.120 GC heap after
{Heap after GC invocations=75 (full 4):
 def new generation   total 35328K, used 2833K [0x00000000f0a00000, 0x00000000f3050000, 0x00000000f5c00000)
  eden space 31424K,   0% used [0x00000000f0a00000, 0x00000000f0a00000, 0x00000000f28b0000)
  from space 3904K,  72% used [0x00000000f2c80000, 0x00000000f2f447e0, 0x00000000f3050000)
  to   space 3904K,   0% used [0x00000000f28b0000, 0x00000000f28b0000, 0x00000000f2c80000)
 tenured generation   total 78376K, used 61928K [0x00000000f5c00000, 0x00000000fa88a000, 0x0000000100000000)
   the space 78376K,  79% used [0x00000000f5c00000, 0x00000000f987a360, 0x00000000f987a400, 0x00000000fa88a000)
 Metaspace       used 46089K, capacity 47125K, committed 47360K, reserved 1091584K
  class space    used 4811K, capacity 5116K, committed 5120K, reserved 1048576K
}
Event: 75.371 GC heap before
{Heap before GC invocations=75 (full 4):
 def new generation   total 35328K, used 33616K [0x00000000f0a00000, 0x00000000f3050000, 0x00000000f5c00000)
  eden space 31424K,  97% used [0x00000000f0a00000, 0x00000000f280f858, 0x00000000f28b0000)
  from space 3904K,  72% used [0x00000000f2c80000, 0x00000000f2f447e0, 0x00000000f3050000)
  to   space 3904K,   0% used [0x00000000f28b0000, 0x00000000f28b0000, 0x00000000f2c80000)
 tenured generation   total 78376K, used 61928K [0x00000000f5c00000, 0x00000000fa88a000, 0x0000000100000000)
   the space 78376K,  79% used [0x00000000f5c00000, 0x00000000f987a360, 0x00000000f987a400, 0x00000000fa88a000)
 Metaspace       used 47239K, capacity 48301K, committed 48640K, reserved 1093632K
  class space    used 4986K, capacity 5316K, committed 5376K, reserved 1048576K
}

